2025-04-25 09:52:24,609 - absl - WARNING - Compiled the loaded model, but the compiled metrics have yet to be built. `model.compile_metrics` will be empty until you train or evaluate the model.
2025-04-25 09:52:24,662 - werkzeug - INFO - [31m[1mWARNING: This is a development server. Do not use it in a production deployment. Use a production WSGI server instead.[0m
 * Running on all addresses (0.0.0.0)
 * Running on http://127.0.0.1:4000
 * Running on http://192.168.1.9:4000
2025-04-25 09:52:24,663 - werkzeug - INFO - [33mPress CTRL+C to quit[0m
2025-04-25 09:52:24,665 - werkzeug - INFO -  * Restarting with stat
2025-04-25 09:52:34,470 - absl - WARNING - Compiled the loaded model, but the compiled metrics have yet to be built. `model.compile_metrics` will be empty until you train or evaluate the model.
2025-04-25 09:52:34,484 - werkzeug - WARNING -  * Debugger is active!
2025-04-25 09:52:34,487 - werkzeug - INFO -  * Debugger PIN: 578-775-528
2025-04-25 09:53:00,448 - action-recognition-server - INFO - Namenode response status: 200
2025-04-25 09:53:00,475 - action-recognition-server - INFO - Uploading chunk 1/5 to http://localhost:3001/api/datanode/upload...
2025-04-25 09:53:00,873 - action-recognition-server - INFO - Datanode 1 response status: 200
2025-04-25 09:53:00,877 - action-recognition-server - INFO - Uploading chunk 2/5 to http://localhost:3001/api/datanode/upload...
2025-04-25 09:53:01,030 - action-recognition-server - INFO - Datanode 2 response status: 200
2025-04-25 09:53:01,036 - action-recognition-server - INFO - Uploading chunk 3/5 to http://localhost:3001/api/datanode/upload...
2025-04-25 09:53:01,141 - action-recognition-server - INFO - Datanode 3 response status: 200
2025-04-25 09:53:01,149 - action-recognition-server - INFO - Uploading chunk 4/5 to http://localhost:3001/api/datanode/upload...
2025-04-25 09:53:01,281 - action-recognition-server - INFO - Datanode 4 response status: 200
2025-04-25 09:53:01,314 - action-recognition-server - INFO - Uploading chunk 5/5 to http://localhost:3001/api/datanode/upload...
2025-04-25 09:53:01,377 - action-recognition-server - INFO - Datanode 5 response status: 200
2025-04-25 09:53:01,409 - werkzeug - INFO - 192.168.1.77 - - [25/Apr/2025 09:53:01] "POST /predict HTTP/1.1" 200 -
2025-04-25 09:55:18,369 - action-recognition-server - INFO - Namenode response status: 200
2025-04-25 09:55:18,391 - action-recognition-server - INFO - Uploading chunk 1/5 to http://localhost:3001/api/datanode/upload...
2025-04-25 09:55:18,470 - action-recognition-server - INFO - Datanode 1 response status: 200
2025-04-25 09:55:18,488 - action-recognition-server - INFO - Uploading chunk 2/5 to http://localhost:3001/api/datanode/upload...
2025-04-25 09:55:18,568 - action-recognition-server - INFO - Datanode 2 response status: 200
2025-04-25 09:55:18,573 - action-recognition-server - INFO - Uploading chunk 3/5 to http://localhost:3001/api/datanode/upload...
2025-04-25 09:55:18,643 - action-recognition-server - INFO - Datanode 3 response status: 200
2025-04-25 09:55:18,650 - action-recognition-server - INFO - Uploading chunk 4/5 to http://localhost:3001/api/datanode/upload...
2025-04-25 09:55:18,729 - action-recognition-server - INFO - Datanode 4 response status: 200
2025-04-25 09:55:18,734 - action-recognition-server - INFO - Uploading chunk 5/5 to http://localhost:3001/api/datanode/upload...
2025-04-25 09:55:18,802 - action-recognition-server - INFO - Datanode 5 response status: 200
2025-04-25 09:55:18,839 - werkzeug - INFO - 192.168.1.77 - - [25/Apr/2025 09:55:18] "POST /predict HTTP/1.1" 200 -
2025-04-25 09:55:41,405 - action-recognition-server - INFO - Namenode response status: 200
2025-04-25 09:55:41,426 - action-recognition-server - INFO - Uploading chunk 1/5 to http://localhost:3001/api/datanode/upload...
2025-04-25 09:55:41,483 - action-recognition-server - INFO - Datanode 1 response status: 200
2025-04-25 09:55:41,488 - action-recognition-server - INFO - Uploading chunk 2/5 to http://localhost:3001/api/datanode/upload...
2025-04-25 09:55:41,549 - action-recognition-server - INFO - Datanode 2 response status: 200
2025-04-25 09:55:41,552 - action-recognition-server - INFO - Uploading chunk 3/5 to http://localhost:3001/api/datanode/upload...
2025-04-25 09:55:41,613 - action-recognition-server - INFO - Datanode 3 response status: 200
2025-04-25 09:55:41,630 - action-recognition-server - INFO - Uploading chunk 4/5 to http://localhost:3001/api/datanode/upload...
2025-04-25 09:55:41,705 - action-recognition-server - INFO - Datanode 4 response status: 200
2025-04-25 09:55:41,710 - action-recognition-server - INFO - Uploading chunk 5/5 to http://localhost:3001/api/datanode/upload...
2025-04-25 09:55:41,770 - action-recognition-server - INFO - Datanode 5 response status: 200
2025-04-25 09:55:41,809 - werkzeug - INFO - 192.168.1.77 - - [25/Apr/2025 09:55:41] "POST /predict HTTP/1.1" 200 -
2025-04-25 10:03:07,176 - absl - WARNING - Compiled the loaded model, but the compiled metrics have yet to be built. `model.compile_metrics` will be empty until you train or evaluate the model.
2025-04-25 10:03:07,199 - werkzeug - INFO - [31m[1mWARNING: This is a development server. Do not use it in a production deployment. Use a production WSGI server instead.[0m
 * Running on all addresses (0.0.0.0)
 * Running on http://127.0.0.1:4000
 * Running on http://192.168.1.9:4000
2025-04-25 10:03:07,199 - werkzeug - INFO - [33mPress CTRL+C to quit[0m
2025-04-25 10:03:07,201 - werkzeug - INFO -  * Restarting with stat
2025-04-25 10:03:17,368 - absl - WARNING - Compiled the loaded model, but the compiled metrics have yet to be built. `model.compile_metrics` will be empty until you train or evaluate the model.
2025-04-25 10:03:17,382 - werkzeug - WARNING -  * Debugger is active!
2025-04-25 10:03:17,385 - werkzeug - INFO -  * Debugger PIN: 578-775-528
2025-04-25 10:04:09,700 - action-recognition-server - INFO - Namenode response status: 200
2025-04-25 10:04:09,733 - action-recognition-server - INFO - Uploading chunk 1/5 to http://localhost:3001/api/datanode/upload...
2025-04-25 10:04:09,802 - action-recognition-server - INFO - Datanode 1 response status: 200
2025-04-25 10:04:09,808 - action-recognition-server - INFO - Uploading chunk 2/5 to http://localhost:3001/api/datanode/upload...
2025-04-25 10:04:09,866 - action-recognition-server - INFO - Datanode 2 response status: 200
2025-04-25 10:04:09,874 - action-recognition-server - INFO - Uploading chunk 3/5 to http://localhost:3001/api/datanode/upload...
2025-04-25 10:04:09,927 - action-recognition-server - INFO - Datanode 3 response status: 200
2025-04-25 10:04:09,934 - action-recognition-server - INFO - Uploading chunk 4/5 to http://localhost:3001/api/datanode/upload...
2025-04-25 10:04:10,003 - action-recognition-server - INFO - Datanode 4 response status: 200
2025-04-25 10:04:10,008 - action-recognition-server - INFO - Uploading chunk 5/5 to http://localhost:3001/api/datanode/upload...
2025-04-25 10:04:10,084 - action-recognition-server - INFO - Datanode 5 response status: 200
2025-04-25 10:04:10,112 - werkzeug - INFO - 192.168.1.77 - - [25/Apr/2025 10:04:10] "POST /predict HTTP/1.1" 200 -
2025-04-25 10:06:18,691 - absl - WARNING - Compiled the loaded model, but the compiled metrics have yet to be built. `model.compile_metrics` will be empty until you train or evaluate the model.
2025-04-25 10:06:18,718 - werkzeug - INFO - [31m[1mWARNING: This is a development server. Do not use it in a production deployment. Use a production WSGI server instead.[0m
 * Running on all addresses (0.0.0.0)
 * Running on http://127.0.0.1:4000
 * Running on http://192.168.1.9:4000
2025-04-25 10:06:18,718 - werkzeug - INFO - [33mPress CTRL+C to quit[0m
2025-04-25 10:06:18,719 - werkzeug - INFO -  * Restarting with stat
2025-04-25 10:06:28,659 - absl - WARNING - Compiled the loaded model, but the compiled metrics have yet to be built. `model.compile_metrics` will be empty until you train or evaluate the model.
2025-04-25 10:06:28,674 - werkzeug - WARNING -  * Debugger is active!
2025-04-25 10:06:28,678 - werkzeug - INFO -  * Debugger PIN: 578-775-528
2025-04-25 10:07:13,771 - action-recognition-server - INFO - Namenode response status: 200
2025-04-25 10:07:13,805 - action-recognition-server - INFO - Uploading chunk 1/5 to http://localhost:3001/api/datanode/upload...
2025-04-25 10:07:13,899 - action-recognition-server - INFO - Datanode 1 response status: 200
2025-04-25 10:07:13,904 - action-recognition-server - INFO - Uploading chunk 2/5 to http://localhost:3001/api/datanode/upload...
2025-04-25 10:07:13,998 - action-recognition-server - INFO - Datanode 2 response status: 200
2025-04-25 10:07:14,004 - action-recognition-server - INFO - Uploading chunk 3/5 to http://localhost:3001/api/datanode/upload...
2025-04-25 10:07:14,092 - action-recognition-server - INFO - Datanode 3 response status: 200
2025-04-25 10:07:14,098 - action-recognition-server - INFO - Uploading chunk 4/5 to http://localhost:3001/api/datanode/upload...
2025-04-25 10:07:14,188 - action-recognition-server - INFO - Datanode 4 response status: 200
2025-04-25 10:07:14,194 - action-recognition-server - INFO - Uploading chunk 5/5 to http://localhost:3001/api/datanode/upload...
2025-04-25 10:07:14,548 - action-recognition-server - INFO - Datanode 5 response status: 200
2025-04-25 10:07:14,577 - werkzeug - INFO - 192.168.1.77 - - [25/Apr/2025 10:07:14] "POST /predict HTTP/1.1" 200 -
2025-04-25 10:07:37,193 - action-recognition-server - INFO - Namenode response status: 200
2025-04-25 10:07:37,215 - action-recognition-server - INFO - Uploading chunk 1/5 to http://localhost:3001/api/datanode/upload...
2025-04-25 10:07:37,269 - action-recognition-server - INFO - Datanode 1 response status: 200
2025-04-25 10:07:37,274 - action-recognition-server - INFO - Uploading chunk 2/5 to http://localhost:3001/api/datanode/upload...
2025-04-25 10:07:37,341 - action-recognition-server - INFO - Datanode 2 response status: 200
2025-04-25 10:07:37,346 - action-recognition-server - INFO - Uploading chunk 3/5 to http://localhost:3001/api/datanode/upload...
2025-04-25 10:07:37,413 - action-recognition-server - INFO - Datanode 3 response status: 200
2025-04-25 10:07:37,417 - action-recognition-server - INFO - Uploading chunk 4/5 to http://localhost:3001/api/datanode/upload...
2025-04-25 10:07:37,467 - action-recognition-server - INFO - Datanode 4 response status: 200
2025-04-25 10:07:37,470 - action-recognition-server - INFO - Uploading chunk 5/5 to http://localhost:3001/api/datanode/upload...
2025-04-25 10:07:37,528 - action-recognition-server - INFO - Datanode 5 response status: 200
2025-04-25 10:07:37,558 - werkzeug - INFO - 192.168.1.77 - - [25/Apr/2025 10:07:37] "POST /predict HTTP/1.1" 200 -
2025-04-25 14:23:04,084 - absl - WARNING - Compiled the loaded model, but the compiled metrics have yet to be built. `model.compile_metrics` will be empty until you train or evaluate the model.
2025-04-25 14:23:04,160 - werkzeug - INFO - [31m[1mWARNING: This is a development server. Do not use it in a production deployment. Use a production WSGI server instead.[0m
 * Running on all addresses (0.0.0.0)
 * Running on http://127.0.0.1:4000
 * Running on http://192.168.1.9:4000
2025-04-25 14:23:04,162 - werkzeug - INFO - [33mPress CTRL+C to quit[0m
2025-04-25 14:23:04,167 - werkzeug - INFO -  * Restarting with stat
2025-04-25 14:23:28,842 - absl - WARNING - Compiled the loaded model, but the compiled metrics have yet to be built. `model.compile_metrics` will be empty until you train or evaluate the model.
2025-04-25 14:23:28,871 - werkzeug - INFO - [31m[1mWARNING: This is a development server. Do not use it in a production deployment. Use a production WSGI server instead.[0m
 * Running on all addresses (0.0.0.0)
 * Running on http://127.0.0.1:4000
 * Running on http://192.168.1.9:4000
2025-04-25 14:23:28,871 - werkzeug - INFO - [33mPress CTRL+C to quit[0m
2025-04-25 14:23:28,874 - werkzeug - INFO -  * Restarting with stat
2025-04-25 14:23:40,762 - absl - WARNING - Compiled the loaded model, but the compiled metrics have yet to be built. `model.compile_metrics` will be empty until you train or evaluate the model.
2025-04-25 14:23:40,777 - werkzeug - WARNING -  * Debugger is active!
2025-04-25 14:23:40,779 - werkzeug - INFO -  * Debugger PIN: 578-775-528
2025-04-25 14:28:59,213 - werkzeug - INFO - 192.168.1.77 - - [25/Apr/2025 14:28:59] "POST /predict HTTP/1.1" 200 -
2025-04-25 14:30:45,018 - werkzeug - INFO - 192.168.1.77 - - [25/Apr/2025 14:30:45] "POST /predict HTTP/1.1" 200 -
2025-04-25 14:37:43,215 - action-recognition-server - INFO - Namenode response status: 200
2025-04-25 14:37:43,253 - action-recognition-server - INFO - Uploading chunk 1/5 to http://localhost:3001/api/datanode/upload...
2025-04-25 14:37:43,365 - action-recognition-server - INFO - Datanode 1 response status: 200
2025-04-25 14:37:43,372 - action-recognition-server - INFO - Uploading chunk 2/5 to http://localhost:3001/api/datanode/upload...
2025-04-25 14:37:43,534 - action-recognition-server - INFO - Datanode 2 response status: 200
2025-04-25 14:37:43,540 - action-recognition-server - INFO - Uploading chunk 3/5 to http://localhost:3001/api/datanode/upload...
2025-04-25 14:37:43,620 - action-recognition-server - INFO - Datanode 3 response status: 200
2025-04-25 14:37:43,627 - action-recognition-server - INFO - Uploading chunk 4/5 to http://localhost:3001/api/datanode/upload...
2025-04-25 14:37:43,709 - action-recognition-server - INFO - Datanode 4 response status: 200
2025-04-25 14:37:43,714 - action-recognition-server - INFO - Uploading chunk 5/5 to http://localhost:3001/api/datanode/upload...
2025-04-25 14:37:43,804 - action-recognition-server - INFO - Datanode 5 response status: 200
2025-04-25 14:37:43,843 - werkzeug - INFO - 192.168.1.77 - - [25/Apr/2025 14:37:43] "POST /predict HTTP/1.1" 200 -
2025-04-25 14:38:13,198 - action-recognition-server - INFO - Namenode response status: 200
2025-04-25 14:38:13,223 - action-recognition-server - INFO - Uploading chunk 1/5 to http://localhost:3001/api/datanode/upload...
2025-04-25 14:38:13,291 - action-recognition-server - INFO - Datanode 1 response status: 200
2025-04-25 14:38:13,297 - action-recognition-server - INFO - Uploading chunk 2/5 to http://localhost:3001/api/datanode/upload...
2025-04-25 14:38:13,360 - action-recognition-server - INFO - Datanode 2 response status: 200
2025-04-25 14:38:13,364 - action-recognition-server - INFO - Uploading chunk 3/5 to http://localhost:3001/api/datanode/upload...
2025-04-25 14:38:13,442 - action-recognition-server - INFO - Datanode 3 response status: 200
2025-04-25 14:38:13,448 - action-recognition-server - INFO - Uploading chunk 4/5 to http://localhost:3001/api/datanode/upload...
2025-04-25 14:38:13,536 - action-recognition-server - INFO - Datanode 4 response status: 200
2025-04-25 14:38:13,541 - action-recognition-server - INFO - Uploading chunk 5/5 to http://localhost:3001/api/datanode/upload...
2025-04-25 14:38:13,594 - action-recognition-server - INFO - Datanode 5 response status: 200
2025-04-25 14:38:13,619 - werkzeug - INFO - 192.168.1.77 - - [25/Apr/2025 14:38:13] "POST /predict HTTP/1.1" 200 -
2025-04-25 14:38:40,844 - action-recognition-server - INFO - Namenode response status: 200
2025-04-25 14:38:40,863 - action-recognition-server - INFO - Uploading chunk 1/5 to http://localhost:3001/api/datanode/upload...
2025-04-25 14:38:40,917 - action-recognition-server - INFO - Datanode 1 response status: 200
2025-04-25 14:38:40,925 - action-recognition-server - INFO - Uploading chunk 2/5 to http://localhost:3001/api/datanode/upload...
2025-04-25 14:38:40,973 - action-recognition-server - INFO - Datanode 2 response status: 200
2025-04-25 14:38:40,980 - action-recognition-server - INFO - Uploading chunk 3/5 to http://localhost:3001/api/datanode/upload...
2025-04-25 14:38:41,063 - action-recognition-server - INFO - Datanode 3 response status: 200
2025-04-25 14:38:41,067 - action-recognition-server - INFO - Uploading chunk 4/5 to http://localhost:3001/api/datanode/upload...
2025-04-25 14:38:41,125 - action-recognition-server - INFO - Datanode 4 response status: 200
2025-04-25 14:38:41,130 - action-recognition-server - INFO - Uploading chunk 5/5 to http://localhost:3001/api/datanode/upload...
2025-04-25 14:38:41,204 - action-recognition-server - INFO - Datanode 5 response status: 200
2025-04-25 14:38:41,235 - werkzeug - INFO - 192.168.1.77 - - [25/Apr/2025 14:38:41] "POST /predict HTTP/1.1" 200 -
2025-04-25 14:39:14,602 - action-recognition-server - INFO - Namenode response status: 200
2025-04-25 14:39:14,624 - action-recognition-server - INFO - Uploading chunk 1/5 to http://localhost:3001/api/datanode/upload...
2025-04-25 14:39:14,690 - action-recognition-server - INFO - Datanode 1 response status: 200
2025-04-25 14:39:14,696 - action-recognition-server - INFO - Uploading chunk 2/5 to http://localhost:3001/api/datanode/upload...
2025-04-25 14:39:14,744 - action-recognition-server - INFO - Datanode 2 response status: 200
2025-04-25 14:39:14,751 - action-recognition-server - INFO - Uploading chunk 3/5 to http://localhost:3001/api/datanode/upload...
2025-04-25 14:39:14,819 - action-recognition-server - INFO - Datanode 3 response status: 200
2025-04-25 14:39:14,825 - action-recognition-server - INFO - Uploading chunk 4/5 to http://localhost:3001/api/datanode/upload...
2025-04-25 14:39:14,907 - action-recognition-server - INFO - Datanode 4 response status: 200
2025-04-25 14:39:14,915 - action-recognition-server - INFO - Uploading chunk 5/5 to http://localhost:3001/api/datanode/upload...
2025-04-25 14:39:14,963 - action-recognition-server - INFO - Datanode 5 response status: 200
2025-04-25 14:39:14,993 - werkzeug - INFO - 192.168.1.77 - - [25/Apr/2025 14:39:14] "POST /predict HTTP/1.1" 200 -
2025-04-25 14:39:42,684 - action-recognition-server - INFO - Namenode response status: 200
2025-04-25 14:39:42,706 - action-recognition-server - INFO - Uploading chunk 1/5 to http://localhost:3001/api/datanode/upload...
2025-04-25 14:39:42,761 - action-recognition-server - INFO - Datanode 1 response status: 200
2025-04-25 14:39:42,768 - action-recognition-server - INFO - Uploading chunk 2/5 to http://localhost:3001/api/datanode/upload...
2025-04-25 14:39:42,840 - action-recognition-server - INFO - Datanode 2 response status: 200
2025-04-25 14:39:42,845 - action-recognition-server - INFO - Uploading chunk 3/5 to http://localhost:3001/api/datanode/upload...
2025-04-25 14:39:42,908 - action-recognition-server - INFO - Datanode 3 response status: 200
2025-04-25 14:39:42,914 - action-recognition-server - INFO - Uploading chunk 4/5 to http://localhost:3001/api/datanode/upload...
2025-04-25 14:39:43,003 - action-recognition-server - INFO - Datanode 4 response status: 200
2025-04-25 14:39:43,008 - action-recognition-server - INFO - Uploading chunk 5/5 to http://localhost:3001/api/datanode/upload...
2025-04-25 14:39:43,113 - action-recognition-server - INFO - Datanode 5 response status: 200
2025-04-25 14:39:43,138 - werkzeug - INFO - 192.168.1.77 - - [25/Apr/2025 14:39:43] "POST /predict HTTP/1.1" 200 -
2025-04-25 14:41:20,362 - action-recognition-server - INFO - Namenode response status: 200
2025-04-25 14:41:20,385 - action-recognition-server - INFO - Uploading chunk 1/5 to http://localhost:3001/api/datanode/upload...
2025-04-25 14:41:20,428 - action-recognition-server - INFO - Datanode 1 response status: 200
2025-04-25 14:41:20,433 - action-recognition-server - INFO - Uploading chunk 2/5 to http://localhost:3001/api/datanode/upload...
2025-04-25 14:41:20,479 - action-recognition-server - INFO - Datanode 2 response status: 200
2025-04-25 14:41:20,483 - action-recognition-server - INFO - Uploading chunk 3/5 to http://localhost:3001/api/datanode/upload...
2025-04-25 14:41:20,547 - action-recognition-server - INFO - Datanode 3 response status: 200
2025-04-25 14:41:20,552 - action-recognition-server - INFO - Uploading chunk 4/5 to http://localhost:3001/api/datanode/upload...
2025-04-25 14:41:20,636 - action-recognition-server - INFO - Datanode 4 response status: 200
2025-04-25 14:41:20,641 - action-recognition-server - INFO - Uploading chunk 5/5 to http://localhost:3001/api/datanode/upload...
2025-04-25 14:41:20,698 - action-recognition-server - INFO - Datanode 5 response status: 200
2025-04-25 14:41:20,724 - werkzeug - INFO - 192.168.1.77 - - [25/Apr/2025 14:41:20] "POST /predict HTTP/1.1" 200 -
2025-04-25 14:41:43,519 - action-recognition-server - INFO - Namenode response status: 200
2025-04-25 14:41:43,542 - action-recognition-server - INFO - Uploading chunk 1/5 to http://localhost:3001/api/datanode/upload...
2025-04-25 14:41:43,613 - action-recognition-server - INFO - Datanode 1 response status: 200
2025-04-25 14:41:43,617 - action-recognition-server - INFO - Uploading chunk 2/5 to http://localhost:3001/api/datanode/upload...
2025-04-25 14:41:43,696 - action-recognition-server - INFO - Datanode 2 response status: 200
2025-04-25 14:41:43,702 - action-recognition-server - INFO - Uploading chunk 3/5 to http://localhost:3001/api/datanode/upload...
2025-04-25 14:41:43,803 - action-recognition-server - INFO - Datanode 3 response status: 200
2025-04-25 14:41:43,808 - action-recognition-server - INFO - Uploading chunk 4/5 to http://localhost:3001/api/datanode/upload...
2025-04-25 14:41:43,887 - action-recognition-server - INFO - Datanode 4 response status: 200
2025-04-25 14:41:43,893 - action-recognition-server - INFO - Uploading chunk 5/5 to http://localhost:3001/api/datanode/upload...
2025-04-25 14:41:43,961 - action-recognition-server - INFO - Datanode 5 response status: 200
2025-04-25 14:41:43,994 - werkzeug - INFO - 192.168.1.77 - - [25/Apr/2025 14:41:43] "POST /predict HTTP/1.1" 200 -
2025-04-25 14:42:07,241 - action-recognition-server - INFO - Namenode response status: 200
2025-04-25 14:42:07,263 - action-recognition-server - INFO - Uploading chunk 1/5 to http://localhost:3001/api/datanode/upload...
2025-04-25 14:42:07,312 - action-recognition-server - INFO - Datanode 1 response status: 200
2025-04-25 14:42:07,316 - action-recognition-server - INFO - Uploading chunk 2/5 to http://localhost:3001/api/datanode/upload...
2025-04-25 14:42:07,389 - action-recognition-server - INFO - Datanode 2 response status: 200
2025-04-25 14:42:07,394 - action-recognition-server - INFO - Uploading chunk 3/5 to http://localhost:3001/api/datanode/upload...
2025-04-25 14:42:07,445 - action-recognition-server - INFO - Datanode 3 response status: 200
2025-04-25 14:42:07,451 - action-recognition-server - INFO - Uploading chunk 4/5 to http://localhost:3001/api/datanode/upload...
2025-04-25 14:42:07,518 - action-recognition-server - INFO - Datanode 4 response status: 200
2025-04-25 14:42:07,521 - action-recognition-server - INFO - Uploading chunk 5/5 to http://localhost:3001/api/datanode/upload...
2025-04-25 14:42:07,597 - action-recognition-server - INFO - Datanode 5 response status: 200
2025-04-25 14:42:07,624 - werkzeug - INFO - 192.168.1.77 - - [25/Apr/2025 14:42:07] "POST /predict HTTP/1.1" 200 -
2025-04-25 14:42:32,953 - action-recognition-server - INFO - Namenode response status: 200
2025-04-25 14:42:32,975 - action-recognition-server - INFO - Uploading chunk 1/5 to http://localhost:3001/api/datanode/upload...
2025-04-25 14:42:33,042 - action-recognition-server - INFO - Datanode 1 response status: 200
2025-04-25 14:42:33,047 - action-recognition-server - INFO - Uploading chunk 2/5 to http://localhost:3001/api/datanode/upload...
2025-04-25 14:42:33,107 - action-recognition-server - INFO - Datanode 2 response status: 200
2025-04-25 14:42:33,111 - action-recognition-server - INFO - Uploading chunk 3/5 to http://localhost:3001/api/datanode/upload...
2025-04-25 14:42:33,192 - action-recognition-server - INFO - Datanode 3 response status: 200
2025-04-25 14:42:33,196 - action-recognition-server - INFO - Uploading chunk 4/5 to http://localhost:3001/api/datanode/upload...
2025-04-25 14:42:33,244 - action-recognition-server - INFO - Datanode 4 response status: 200
2025-04-25 14:42:33,250 - action-recognition-server - INFO - Uploading chunk 5/5 to http://localhost:3001/api/datanode/upload...
2025-04-25 14:42:33,319 - action-recognition-server - INFO - Datanode 5 response status: 200
2025-04-25 14:42:33,353 - werkzeug - INFO - 192.168.1.77 - - [25/Apr/2025 14:42:33] "POST /predict HTTP/1.1" 200 -
2025-04-25 14:43:01,285 - action-recognition-server - INFO - Namenode response status: 200
2025-04-25 14:43:01,308 - action-recognition-server - INFO - Uploading chunk 1/5 to http://localhost:3001/api/datanode/upload...
2025-04-25 14:43:01,358 - action-recognition-server - INFO - Datanode 1 response status: 200
2025-04-25 14:43:01,363 - action-recognition-server - INFO - Uploading chunk 2/5 to http://localhost:3001/api/datanode/upload...
2025-04-25 14:43:01,421 - action-recognition-server - INFO - Datanode 2 response status: 200
2025-04-25 14:43:01,429 - action-recognition-server - INFO - Uploading chunk 3/5 to http://localhost:3001/api/datanode/upload...
2025-04-25 14:43:01,518 - action-recognition-server - INFO - Datanode 3 response status: 200
2025-04-25 14:43:01,525 - action-recognition-server - INFO - Uploading chunk 4/5 to http://localhost:3001/api/datanode/upload...
2025-04-25 14:43:01,609 - action-recognition-server - INFO - Datanode 4 response status: 200
2025-04-25 14:43:01,617 - action-recognition-server - INFO - Uploading chunk 5/5 to http://localhost:3001/api/datanode/upload...
2025-04-25 14:43:01,690 - action-recognition-server - INFO - Datanode 5 response status: 200
2025-04-25 14:43:01,722 - werkzeug - INFO - 192.168.1.77 - - [25/Apr/2025 14:43:01] "POST /predict HTTP/1.1" 200 -
2025-04-25 14:43:27,039 - action-recognition-server - INFO - Namenode response status: 200
2025-04-25 14:43:27,061 - action-recognition-server - INFO - Uploading chunk 1/5 to http://localhost:3001/api/datanode/upload...
2025-04-25 14:43:27,120 - action-recognition-server - INFO - Datanode 1 response status: 200
2025-04-25 14:43:27,126 - action-recognition-server - INFO - Uploading chunk 2/5 to http://localhost:3001/api/datanode/upload...
2025-04-25 14:43:27,203 - action-recognition-server - INFO - Datanode 2 response status: 200
2025-04-25 14:43:27,209 - action-recognition-server - INFO - Uploading chunk 3/5 to http://localhost:3001/api/datanode/upload...
2025-04-25 14:43:27,294 - action-recognition-server - INFO - Datanode 3 response status: 200
2025-04-25 14:43:27,301 - action-recognition-server - INFO - Uploading chunk 4/5 to http://localhost:3001/api/datanode/upload...
2025-04-25 14:43:27,374 - action-recognition-server - INFO - Datanode 4 response status: 200
2025-04-25 14:43:27,381 - action-recognition-server - INFO - Uploading chunk 5/5 to http://localhost:3001/api/datanode/upload...
2025-04-25 14:43:27,433 - action-recognition-server - INFO - Datanode 5 response status: 200
2025-04-25 14:43:27,467 - werkzeug - INFO - 192.168.1.77 - - [25/Apr/2025 14:43:27] "POST /predict HTTP/1.1" 200 -
2025-04-25 14:43:50,391 - action-recognition-server - INFO - Namenode response status: 200
2025-04-25 14:43:50,416 - action-recognition-server - INFO - Uploading chunk 1/5 to http://localhost:3001/api/datanode/upload...
2025-04-25 14:43:50,484 - action-recognition-server - INFO - Datanode 1 response status: 200
2025-04-25 14:43:50,490 - action-recognition-server - INFO - Uploading chunk 2/5 to http://localhost:3001/api/datanode/upload...
2025-04-25 14:43:50,577 - action-recognition-server - INFO - Datanode 2 response status: 200
2025-04-25 14:43:50,582 - action-recognition-server - INFO - Uploading chunk 3/5 to http://localhost:3001/api/datanode/upload...
2025-04-25 14:43:50,662 - action-recognition-server - INFO - Datanode 3 response status: 200
2025-04-25 14:43:50,667 - action-recognition-server - INFO - Uploading chunk 4/5 to http://localhost:3001/api/datanode/upload...
2025-04-25 14:43:50,743 - action-recognition-server - INFO - Datanode 4 response status: 200
2025-04-25 14:43:50,749 - action-recognition-server - INFO - Uploading chunk 5/5 to http://localhost:3001/api/datanode/upload...
2025-04-25 14:43:50,840 - action-recognition-server - INFO - Datanode 5 response status: 200
2025-04-25 14:43:50,871 - werkzeug - INFO - 192.168.1.77 - - [25/Apr/2025 14:43:50] "POST /predict HTTP/1.1" 200 -
2025-04-25 14:44:16,923 - action-recognition-server - INFO - Namenode response status: 200
2025-04-25 14:44:16,945 - action-recognition-server - INFO - Uploading chunk 1/5 to http://localhost:3001/api/datanode/upload...
2025-04-25 14:44:16,994 - action-recognition-server - INFO - Datanode 1 response status: 200
2025-04-25 14:44:16,999 - action-recognition-server - INFO - Uploading chunk 2/5 to http://localhost:3001/api/datanode/upload...
2025-04-25 14:44:17,078 - action-recognition-server - INFO - Datanode 2 response status: 200
2025-04-25 14:44:17,082 - action-recognition-server - INFO - Uploading chunk 3/5 to http://localhost:3001/api/datanode/upload...
2025-04-25 14:44:17,188 - action-recognition-server - INFO - Datanode 3 response status: 200
2025-04-25 14:44:17,192 - action-recognition-server - INFO - Uploading chunk 4/5 to http://localhost:3001/api/datanode/upload...
2025-04-25 14:44:17,263 - action-recognition-server - INFO - Datanode 4 response status: 200
2025-04-25 14:44:17,267 - action-recognition-server - INFO - Uploading chunk 5/5 to http://localhost:3001/api/datanode/upload...
2025-04-25 14:44:17,338 - action-recognition-server - INFO - Datanode 5 response status: 200
2025-04-25 14:44:17,366 - werkzeug - INFO - 192.168.1.77 - - [25/Apr/2025 14:44:17] "POST /predict HTTP/1.1" 200 -
2025-04-25 14:44:43,630 - action-recognition-server - INFO - Namenode response status: 200
2025-04-25 14:44:43,653 - action-recognition-server - INFO - Uploading chunk 1/5 to http://localhost:3001/api/datanode/upload...
2025-04-25 14:44:43,722 - action-recognition-server - INFO - Datanode 1 response status: 200
2025-04-25 14:44:43,727 - action-recognition-server - INFO - Uploading chunk 2/5 to http://localhost:3001/api/datanode/upload...
2025-04-25 14:44:43,790 - action-recognition-server - INFO - Datanode 2 response status: 200
2025-04-25 14:44:43,793 - action-recognition-server - INFO - Uploading chunk 3/5 to http://localhost:3001/api/datanode/upload...
2025-04-25 14:44:43,855 - action-recognition-server - INFO - Datanode 3 response status: 200
2025-04-25 14:44:43,862 - action-recognition-server - INFO - Uploading chunk 4/5 to http://localhost:3001/api/datanode/upload...
2025-04-25 14:44:43,921 - action-recognition-server - INFO - Datanode 4 response status: 200
2025-04-25 14:44:43,940 - action-recognition-server - INFO - Uploading chunk 5/5 to http://localhost:3001/api/datanode/upload...
2025-04-25 14:44:44,016 - action-recognition-server - INFO - Datanode 5 response status: 200
2025-04-25 14:44:44,039 - werkzeug - INFO - 192.168.1.77 - - [25/Apr/2025 14:44:44] "POST /predict HTTP/1.1" 200 -
2025-04-25 14:45:17,097 - action-recognition-server - INFO - Namenode response status: 200
2025-04-25 14:45:17,181 - action-recognition-server - INFO - Uploading chunk 1/5 to http://localhost:3001/api/datanode/upload...
2025-04-25 14:45:17,255 - action-recognition-server - INFO - Datanode 1 response status: 200
2025-04-25 14:45:17,262 - action-recognition-server - INFO - Uploading chunk 2/5 to http://localhost:3001/api/datanode/upload...
2025-04-25 14:45:17,322 - action-recognition-server - INFO - Datanode 2 response status: 200
2025-04-25 14:45:17,327 - action-recognition-server - INFO - Uploading chunk 3/5 to http://localhost:3001/api/datanode/upload...
2025-04-25 14:45:17,383 - action-recognition-server - INFO - Datanode 3 response status: 200
2025-04-25 14:45:17,388 - action-recognition-server - INFO - Uploading chunk 4/5 to http://localhost:3001/api/datanode/upload...
2025-04-25 14:45:17,487 - action-recognition-server - INFO - Datanode 4 response status: 200
2025-04-25 14:45:17,503 - action-recognition-server - INFO - Uploading chunk 5/5 to http://localhost:3001/api/datanode/upload...
2025-04-25 14:45:17,592 - action-recognition-server - INFO - Datanode 5 response status: 200
2025-04-25 14:45:17,620 - werkzeug - INFO - 192.168.1.77 - - [25/Apr/2025 14:45:17] "POST /predict HTTP/1.1" 200 -
2025-04-25 14:45:45,574 - action-recognition-server - INFO - Namenode response status: 200
2025-04-25 14:45:45,597 - action-recognition-server - INFO - Uploading chunk 1/5 to http://localhost:3001/api/datanode/upload...
2025-04-25 14:45:45,663 - action-recognition-server - INFO - Datanode 1 response status: 200
2025-04-25 14:45:45,669 - action-recognition-server - INFO - Uploading chunk 2/5 to http://localhost:3001/api/datanode/upload...
2025-04-25 14:45:45,760 - action-recognition-server - INFO - Datanode 2 response status: 200
2025-04-25 14:45:45,768 - action-recognition-server - INFO - Uploading chunk 3/5 to http://localhost:3001/api/datanode/upload...
2025-04-25 14:45:45,818 - action-recognition-server - INFO - Datanode 3 response status: 200
2025-04-25 14:45:45,823 - action-recognition-server - INFO - Uploading chunk 4/5 to http://localhost:3001/api/datanode/upload...
2025-04-25 14:45:45,900 - action-recognition-server - INFO - Datanode 4 response status: 200
2025-04-25 14:45:45,907 - action-recognition-server - INFO - Uploading chunk 5/5 to http://localhost:3001/api/datanode/upload...
2025-04-25 14:45:45,968 - action-recognition-server - INFO - Datanode 5 response status: 200
2025-04-25 14:45:45,992 - werkzeug - INFO - 192.168.1.77 - - [25/Apr/2025 14:45:45] "POST /predict HTTP/1.1" 200 -
